Traceback (most recent call last):
  File "/home/dora/Desktop/tech projects/getBrains/IoT/alvin_portal/main.py", line 18, in <module>
    IdentificationPortal().run()
  File "/usr/lib/python3/dist-packages/kivy/app.py", line 955, in run
    runTouchApp()
  File "/usr/lib/python3/dist-packages/kivy/base.py", line 574, in runTouchApp
    EventLoop.mainloop()
  File "/usr/lib/python3/dist-packages/kivy/base.py", line 339, in mainloop
    self.idle()
  File "/usr/lib/python3/dist-packages/kivy/base.py", line 379, in idle
    Clock.tick()
  File "/usr/lib/python3/dist-packages/kivy/clock.py", line 733, in tick
    self.post_idle(ts, self.idle())
  File "/usr/lib/python3/dist-packages/kivy/clock.py", line 776, in post_idle
    self._process_events()
  File "kivy/_clock.pyx", line 620, in kivy._clock.CyClockBase._process_events
  File "kivy/_clock.pyx", line 653, in kivy._clock.CyClockBase._process_events
  File "kivy/_clock.pyx", line 649, in kivy._clock.CyClockBase._process_events
  File "kivy/_clock.pyx", line 218, in kivy._clock.ClockEvent.tick
  File "/home/dora/Desktop/tech projects/getBrains/IoT/alvin_portal/py/root.py", line 49, in add_screens
    with open("screens.json") as f:
FileNotFoundError: [Errno 2] No such file or directory: 'screens.json'
